<?xml version="1.0" encoding="UTF-8"?>
<testsuite name="ca.gbc.productservice.ProductServiceApplicationTests" tests="1" skipped="0" failures="0" errors="0" timestamp="2024-11-01T04:14:17" hostname="ROSEVERONICA" time="1.878">
  <properties/>
  <testcase name="createProductTest()" classname="ca.gbc.productservice.ProductServiceApplicationTests" time="1.878"/>
  <system-out><![CDATA[00:14:10.310 [Test worker] INFO org.springframework.test.context.support.AnnotationConfigContextLoaderUtils -- Could not detect default configuration classes for test class [ca.gbc.productservice.ProductServiceApplicationTests]: ProductServiceApplicationTests does not declare any static, non-private, non-final, nested classes annotated with @Configuration.
00:14:10.348 [Test worker] INFO org.testcontainers.images.PullPolicy -- Image pull policy will be performed by: DefaultPullPolicy()
00:14:10.350 [Test worker] INFO org.testcontainers.utility.ImageNameSubstitutor -- Image name substitution will be performed by: DefaultImageNameSubstitutor (composite of 'ConfigurationFileImageNameSubstitutor' and 'PrefixingImageNameSubstitutor')
00:14:10.532 [Test worker] INFO org.testcontainers.dockerclient.DockerClientProviderStrategy -- Loaded org.testcontainers.dockerclient.NpipeSocketClientProviderStrategy from ~/.testcontainers.properties, will try it first
00:14:10.799 [Test worker] INFO org.testcontainers.dockerclient.DockerClientProviderStrategy -- Found Docker environment with local Npipe socket (npipe:////./pipe/docker_engine)
00:14:10.800 [Test worker] INFO org.testcontainers.DockerClientFactory -- Docker host IP address is localhost
00:14:10.827 [Test worker] INFO org.testcontainers.DockerClientFactory -- Connected to docker: 
  Server Version: 27.2.0
  API Version: 1.47
  Operating System: Docker Desktop
  Total Memory: 7754 MB
00:14:10.872 [Test worker] INFO tc.testcontainers/ryuk:0.7.0 -- Creating container for image: testcontainers/ryuk:0.7.0
00:14:11.607 [Test worker] INFO org.testcontainers.utility.RegistryAuthLocator -- Credential helper/store (docker-credential-desktop) does not have credentials for https://index.docker.io/v1/
00:14:11.743 [Test worker] INFO tc.testcontainers/ryuk:0.7.0 -- Container testcontainers/ryuk:0.7.0 is starting: 81923e2716f41e64677300f859161b600199885cc95977c6431f5fa607086fb2
00:14:12.143 [Test worker] INFO tc.testcontainers/ryuk:0.7.0 -- Container testcontainers/ryuk:0.7.0 started in PT1.2699019S
00:14:12.149 [Test worker] INFO org.testcontainers.utility.RyukResourceReaper -- Ryuk started - will monitor and terminate Testcontainers containers on JVM exit
00:14:12.149 [Test worker] INFO org.testcontainers.DockerClientFactory -- Checking the system...
00:14:12.150 [Test worker] INFO org.testcontainers.DockerClientFactory -- ✔︎ Docker server version should be at least 1.6.0
00:14:12.151 [Test worker] INFO tc.mongo:latest -- Creating container for image: mongo:latest
00:14:12.220 [Test worker] INFO tc.mongo:latest -- Container mongo:latest is starting: 5171a4999931b7d05051d420613058887eb1071a8b0c51e650f026009e2f8226
00:14:13.271 [Test worker] INFO tc.mongo:latest -- Container mongo:latest started in PT1.1200439S
00:14:14.527 [Test worker] INFO org.springframework.boot.test.context.SpringBootTestContextBootstrapper -- Found @SpringBootConfiguration ca.gbc.productservice.ProductServiceApplication for test class ca.gbc.productservice.ProductServiceApplicationTests

  .   ____          _            __ _ _
 /\\ / ___'_ __ _ _(_)_ __  __ _ \ \ \ \
( ( )\___ | '_ | '_| | '_ \/ _` | \ \ \ \
 \\/  ___)| |_)| | | | | || (_| |  ) ) ) )
  '  |____| .__|_| |_|_| |_\__, | / / / /
 =========|_|==============|___/=/_/_/_/

 :: Spring Boot ::                (v3.3.3)

2024-11-01T00:14:14.924-04:00  INFO 20372 --- [product-service] [    Test worker] c.g.p.ProductServiceApplicationTests     : Starting ProductServiceApplicationTests using Java 22.0.2 with PID 20372 (started by gbros in C:\MyProjects\java\comp3095\microservice-parent\product-service)
2024-11-01T00:14:14.925-04:00  INFO 20372 --- [product-service] [    Test worker] c.g.p.ProductServiceApplicationTests     : No active profile set, falling back to 1 default profile: "default"
2024-11-01T00:14:15.689-04:00  INFO 20372 --- [product-service] [    Test worker] .s.d.r.c.RepositoryConfigurationDelegate : Bootstrapping Spring Data MongoDB repositories in DEFAULT mode.
2024-11-01T00:14:15.728-04:00  INFO 20372 --- [product-service] [    Test worker] .s.d.r.c.RepositoryConfigurationDelegate : Finished Spring Data repository scanning in 32 ms. Found 1 MongoDB repository interface.
2024-11-01T00:14:16.057-04:00  INFO 20372 --- [product-service] [    Test worker] o.s.b.w.embedded.tomcat.TomcatWebServer  : Tomcat initialized with port 0 (http)
2024-11-01T00:14:16.069-04:00  INFO 20372 --- [product-service] [    Test worker] o.apache.catalina.core.StandardService   : Starting service [Tomcat]
2024-11-01T00:14:16.070-04:00  INFO 20372 --- [product-service] [    Test worker] o.apache.catalina.core.StandardEngine    : Starting Servlet engine: [Apache Tomcat/10.1.28]
2024-11-01T00:14:16.121-04:00  INFO 20372 --- [product-service] [    Test worker] o.a.c.c.C.[Tomcat].[localhost].[/]       : Initializing Spring embedded WebApplicationContext
2024-11-01T00:14:16.122-04:00  INFO 20372 --- [product-service] [    Test worker] w.s.c.ServletWebServerApplicationContext : Root WebApplicationContext: initialization completed in 1034 ms
2024-11-01T00:14:16.385-04:00  INFO 20372 --- [product-service] [    Test worker] org.mongodb.driver.client                : MongoClient with metadata {"driver": {"name": "mongo-java-driver|sync|spring-boot", "version": "5.0.1"}, "os": {"type": "Windows", "name": "Windows 11", "architecture": "amd64", "version": "10.0"}, "platform": "Java/Oracle Corporation/22.0.2+9-70"} created with settings MongoClientSettings{readPreference=primary, writeConcern=WriteConcern{w=null, wTimeout=null ms, journal=null}, retryWrites=true, retryReads=true, readConcern=ReadConcern{level=null}, credential=null, transportSettings=null, commandListeners=[io.micrometer.core.instrument.binder.mongodb.MongoMetricsCommandListener@63ed5dae], codecRegistry=ProvidersCodecRegistry{codecProviders=[ValueCodecProvider{}, BsonValueCodecProvider{}, DBRefCodecProvider{}, DBObjectCodecProvider{}, DocumentCodecProvider{}, CollectionCodecProvider{}, IterableCodecProvider{}, MapCodecProvider{}, GeoJsonCodecProvider{}, GridFSFileCodecProvider{}, Jsr310CodecProvider{}, JsonObjectCodecProvider{}, BsonCodecProvider{}, EnumCodecProvider{}, com.mongodb.client.model.mql.ExpressionCodecProvider@578198d9, com.mongodb.Jep395RecordCodecProvider@4deca78, com.mongodb.KotlinCodecProvider@5f65e0c0]}, loggerSettings=LoggerSettings{maxDocumentLength=1000}, clusterSettings={hosts=[localhost:51719], srvServiceName=mongodb, mode=SINGLE, requiredClusterType=UNKNOWN, requiredReplicaSetName='null', serverSelector='null', clusterListeners='[]', serverSelectionTimeout='30000 ms', localThreshold='15 ms'}, socketSettings=SocketSettings{connectTimeoutMS=10000, readTimeoutMS=0, receiveBufferSize=0, proxySettings=ProxySettings{host=null, port=null, username=null, password=null}}, heartbeatSocketSettings=SocketSettings{connectTimeoutMS=10000, readTimeoutMS=10000, receiveBufferSize=0, proxySettings=ProxySettings{host=null, port=null, username=null, password=null}}, connectionPoolSettings=ConnectionPoolSettings{maxSize=100, minSize=0, maxWaitTimeMS=120000, maxConnectionLifeTimeMS=0, maxConnectionIdleTimeMS=0, maintenanceInitialDelayMS=0, maintenanceFrequencyMS=60000, connectionPoolListeners=[io.micrometer.core.instrument.binder.mongodb.MongoMetricsConnectionPoolListener@566cc6af], maxConnecting=2}, serverSettings=ServerSettings{heartbeatFrequencyMS=10000, minHeartbeatFrequencyMS=500, serverListeners='[]', serverMonitorListeners='[]'}, sslSettings=SslSettings{enabled=false, invalidHostNameAllowed=false, context=null}, applicationName='null', compressorList=[], uuidRepresentation=JAVA_LEGACY, serverApi=null, autoEncryptionSettings=null, dnsClient=null, inetAddressResolver=null, contextProvider=null}
2024-11-01T00:14:16.399-04:00  INFO 20372 --- [product-service] [localhost:51719] org.mongodb.driver.cluster               : Monitor thread successfully connected to server with description ServerDescription{address=localhost:51719, type=REPLICA_SET_PRIMARY, state=CONNECTED, ok=true, minWireVersion=0, maxWireVersion=25, maxDocumentSize=16777216, logicalSessionTimeoutMinutes=30, roundTripTimeNanos=21699600, setName='docker-rs', canonicalAddress=5171a4999931:27017, hosts=[5171a4999931:27017], passives=[], arbiters=[], primary='5171a4999931:27017', tagSet=TagSet{[]}, electionId=7fffffff0000000000000001, setVersion=1, topologyVersion=TopologyVersion{processId=6724559496d2062168bbcd43, counter=6}, lastWriteDate=Fri Nov 01 00:14:14 EDT 2024, lastUpdateTimeNanos=30565842361000}
2024-11-01T00:14:17.042-04:00  INFO 20372 --- [product-service] [    Test worker] o.s.b.a.e.web.EndpointLinksResolver      : Exposing 1 endpoint beneath base path '/actuator'
2024-11-01T00:14:17.105-04:00  INFO 20372 --- [product-service] [    Test worker] o.s.b.w.embedded.tomcat.TomcatWebServer  : Tomcat started on port 51722 (http) with context path '/'
2024-11-01T00:14:17.113-04:00  INFO 20372 --- [product-service] [    Test worker] c.g.p.ProductServiceApplicationTests     : Started ProductServiceApplicationTests in 2.475 seconds (process running for 7.458)
2024-11-01T00:14:18.446-04:00  INFO 20372 --- [product-service] [o-auto-1-exec-1] o.a.c.c.C.[Tomcat].[localhost].[/]       : Initializing Spring DispatcherServlet 'dispatcherServlet'
2024-11-01T00:14:18.446-04:00  INFO 20372 --- [product-service] [o-auto-1-exec-1] o.s.web.servlet.DispatcherServlet        : Initializing Servlet 'dispatcherServlet'
2024-11-01T00:14:18.447-04:00  INFO 20372 --- [product-service] [o-auto-1-exec-1] o.s.web.servlet.DispatcherServlet        : Completed initialization in 1 ms
2024-11-01T00:14:18.612-04:00  INFO 20372 --- [product-service] [o-auto-1-exec-1] c.g.p.service.ProductServiceImpl         : Product 6724559ab0028868716bb2bd is saved
HTTP/1.1 201 
Location: /api/product6724559ab0028868716bb2bd
Content-Type: application/json
Transfer-Encoding: chunked
Date: Fri, 01 Nov 2024 04:14:18 GMT
Keep-Alive: timeout=60
Connection: keep-alive

{
    "id": "6724559ab0028868716bb2bd",
    "name": "Samsung TV",
    "description": "Samsung TV - Model 2024",
    "price": 2000
}
]]></system-out>
  <system-err><![CDATA[WARNING: A Java agent has been loaded dynamically (C:\Users\gbros\.gradle\caches\modules-2\files-2.1\net.bytebuddy\byte-buddy-agent\1.14.19\154da3a65b4f4a909d3e5bdec55d1b2b4cbb6ce1\byte-buddy-agent-1.14.19.jar)
WARNING: If a serviceability tool is in use, please run with -XX:+EnableDynamicAgentLoading to hide this warning
WARNING: If a serviceability tool is not in use, please run with -Djdk.instrument.traceUsage for more information
WARNING: Dynamic loading of agents will be disallowed by default in a future release
]]></system-err>
</testsuite>
